# mindate =  20040422
# maxdate =  20051031
# sampling = 0.01

# Column 1:  Score threshold

# Transaction-weighted metrics:
# Column 2:  False-positive ratio
# Column 3:  Percent outsort
# Column 4:  Percent nonfraud
# Column 5:  Percent fraud
# Column 6:  Percent approved fraud
# Column 7:  Real-time VDR
# Column 8:  Online VDR

# Dollar-weighted metrics:
# Column 9:  False-positive ratio
# Column 10: Percent outsort
# Column 11: Percent nonfraud
# Column 12: Percent fraud
# Column 13: Percent approved fraud
# Column 14: Real-time VDR
# Column 15: Online VDR

   0   1090.29 100.0000 100.0000 100.0000 100.0000 100.0000  84.8755  48757.39 100.0000 100.0000 100.0000 100.0000 100.0000  77.7441
  10    495.51  42.8626  42.8155  94.2078  93.0586  97.3143  82.8017  49529.53  99.6540  99.6540  98.1005  97.3379  98.8310  75.9323
  20    344.49  28.6677  28.6110  90.5521  88.7355  95.3284  81.2442  50219.61  99.5299  99.5299  96.6320  95.3176  97.7460  74.6945
  30    292.80  23.9403  23.8807  88.9240  86.7993  94.2658  80.3608  50563.96  99.4872  99.4873  95.9328  94.3349  97.1549  74.0404
  40    247.48  19.8550  19.7933  87.1997  84.7779  92.9841  79.2894  51024.93  99.4381  99.4382  95.0192  93.1101  96.3648  73.2324
  50    220.56  17.4653  17.4024  86.0234  83.4235  92.2116  78.6614  51382.49  99.4037  99.4038  94.3254  92.1566  95.8000  72.7451
  60    193.57  15.0969  15.0331  84.6756  81.8616  91.3663  77.9873  51618.56  99.3818  99.3819  93.8733  91.5102  95.4199  72.2269
  70    177.52  13.7113  13.6470  83.8186  80.8699  90.6744  77.4241  51932.19  99.3597  99.3599  93.2857  90.7459  94.9157  71.7769
  80    163.09  12.4698  12.4052  82.9289  79.8712  90.0438  76.9070  52112.86  99.3464  99.3465  92.9497  90.2914  94.6252  71.3798
  90    148.45  11.2197  11.1548  81.9249  78.7483  89.1826  76.2143  52476.20  99.3274  99.3276  92.2886  89.5133  94.0182  70.8332
 100    137.95  10.3325  10.2675  81.1516  77.8702  88.5173  75.6501  52783.18  99.3114  99.3116  91.7371  88.7677  93.4676  70.3753
 110    127.53   9.4611   9.3961  80.3274  76.9451  87.7350  74.9885  53098.80  99.2974  99.2976  91.1790  88.1131  92.9514  69.8971
 120    121.85   8.9851   8.9201  79.8163  76.3526  87.3262  74.6585  53253.77  99.2915  99.2916  90.9081  87.7143  92.6533  69.6207
 130    114.97   8.4158   8.3508  79.1923  75.6572  86.8685  74.2869  53516.87  99.2822  99.2823  90.4527  87.1105  92.2517  69.2744
 140    105.78   7.6586   7.5938  78.2705  74.6328  86.1217  73.6811  53884.83  99.2689  99.2691  89.8231  86.3179  91.6637  68.7643
 150    100.81   7.2507   7.1861  77.7218  74.0208  85.5850  73.2367  54117.77  99.2617  99.2619  89.4300  85.7707  91.2892  68.5038
 160     95.38   6.8179   6.7533  77.1960  73.4372  85.2374  72.9671  54359.86  99.2542  99.2545  89.0250  85.2342  90.9421  68.1760
 170     90.20   6.3985   6.3341  76.5608  72.7391  84.6688  72.5032  54575.36  99.2481  99.2483  88.6680  84.7844  90.5395  67.8502
 180     86.55   6.1052   6.0410  76.0971  72.2238  84.2023  72.1262  54797.10  99.2419  99.2421  88.3037  84.3239  90.1453  67.6217
 190     81.85   5.7343   5.6703  75.5345  71.5932  83.6382  71.6535  55106.62  99.2345  99.2347  87.8012  83.6310  89.6106  67.2033
 200     78.41   5.4643   5.4004  75.0931  71.1098  83.2053  71.2721  55320.42  99.2293  99.2295  87.4572  83.2373  89.3017  66.8818
 210     74.48   5.1600   5.0963  74.6022  70.5634  82.7343  70.8774  55589.96  99.2236  99.2239  87.0282  82.7190  88.9215  66.5306
 220     71.30   4.9095   4.8460  74.1044  70.0153  82.2820  70.4871  55796.45  99.2197  99.2200  86.7028  82.3142  88.5322  66.2101
 230     68.72   4.7107   4.6474  73.7383  69.6019  81.9449  70.2006  55989.90  99.2159  99.2162  86.3999  81.9410  88.2329  65.9277
 240     65.43   4.4580   4.3949  73.2321  69.0396  81.4456  69.7944  56250.97  99.2108  99.2111  85.9945  81.4491  87.7930  65.5437
 250     63.07   4.2769   4.2140  72.8437  68.6147  80.9826  69.3935  56497.75  99.2061  99.2063  85.6148  80.9782  87.2287  65.1378
 260     60.38   4.0686   4.0060  72.3403  68.0622  80.5160  69.0094  56745.18  99.2016  99.2019  85.2376  80.4835  86.8032  64.8241
 270     58.04   3.8904   3.8280  71.9136  67.5983  80.1054  68.6635  57012.97  99.1975  99.1978  84.8338  80.0574  86.4732  64.5589
 280     55.92   3.7308   3.6686  71.5315  67.1867  79.7816  68.3903  57243.50  99.1939  99.1942  84.4891  79.6567  86.1469  64.3003
 290     53.55   3.5529   3.4909  71.0720  66.6936  79.3479  68.0240  57469.21  99.1909  99.1912  84.1547  79.2262  85.7005  63.9188
 300     52.05   3.4417   3.3799  70.7931  66.3911  79.0534  67.7659  57657.33  99.1890  99.1893  83.8785  78.9538  85.4918  63.6429
 310     49.88   3.2791   3.2176  70.3371  65.8997  78.6170  67.3952  57989.50  99.1848  99.1851  83.3946  78.3665  85.0251  63.4004
 320     47.88   3.1296   3.0684  69.8692  65.4110  78.1904  67.0351  58266.90  99.1813  99.1816  82.9946  77.9219  84.6707  63.1002
 330     46.29   3.0106   2.9496  69.4801  64.9817  77.6290  66.5463  58483.39  99.1787  99.1790  82.6852  77.6134  84.3415  62.7943
 340     44.56   2.8823   2.8216  69.0443  64.5125  77.2857  66.2749  58768.18  99.1756  99.1759  82.2819  77.1072  83.9332  62.4828
 350     43.22   2.7840   2.7236  68.7062  64.1524  77.0134  66.0612  58967.98  99.1737  99.1741  82.0016  76.7545  83.6279  62.2794
 360     41.61   2.6654   2.6052  68.2655  63.6841  76.6356  65.7596  59322.02  99.1709  99.1712  81.5099  76.1245  83.2397  62.0068
 370     40.18   2.5628   2.5028  67.9134  63.3098  76.2426  65.4217  59527.56  99.1684  99.1688  81.2264  75.7534  82.8748  61.7658
 380     39.01   2.4787   2.4190  67.6059  62.9719  75.8905  65.1192  59780.89  99.1660  99.1664  80.8803  75.3602  82.5269  61.5510
 390     37.44   2.3660   2.3066  67.1659  62.5080  75.4195  64.7210  60051.91  99.1630  99.1633  80.5128  74.9545  82.1172  61.1389
 400     36.43   2.2941   2.2349  66.8835  62.1984  75.0931  64.4318  60229.88  99.1617  99.1621  80.2739  74.6460  81.8478  60.9663
 410     34.90   2.1846   2.1257  66.3989  61.6911  74.6452  64.0460  60581.48  99.1591  99.1595  79.8059  74.0929  81.4514  60.6940
 420     33.89   2.1127   2.0540  66.0865  61.3665  74.3357  63.7888  60813.81  99.1575  99.1579  79.4997  73.7075  81.1393  60.4779
 430     32.79   2.0358   1.9773  65.7400  61.0055  74.0607  63.5599  61029.78  99.1553  99.1558  79.2167  73.4229  80.8728  60.2416
 440     31.66   1.9564   1.8983  65.3663  60.6010  73.5862  63.1670  61336.57  99.1532  99.1536  78.8188  72.9481  80.4144  60.0164
 450     30.85   1.8977   1.8398  65.0302  60.2400  73.2642  62.9018  61582.95  99.1516  99.1521  78.5022  72.5656  79.9892  59.7448
 460     29.88   1.8299   1.7722  64.6586  59.8480  72.9280  62.6206  61931.62  99.1498  99.1502  78.0588  72.1513  79.6132  59.4820
 470     29.00   1.7686   1.7112  64.3301  59.4932  72.5289  62.2658  62197.23  99.1483  99.1488  77.7243  71.7390  79.1869  59.1779
 480     28.03   1.7009   1.6438  63.9459  59.0825  72.1768  61.9687  62454.17  99.1466  99.1470  77.4032  71.3857  78.9036  58.8836
 490     27.05   1.6342   1.5774  63.5701  58.6976  71.8610  61.7115  62784.54  99.1450  99.1454  76.9946  71.0557  78.5872  58.5935
 500     26.25   1.5783   1.5218  63.2062  58.3180  71.5612  61.4676  63146.12  99.1437  99.1442  76.5528  70.6128  78.2377  58.4326
 510     25.35   1.5146   1.4585  62.7383  57.8567  71.1905  61.1554  63437.17  99.1417  99.1422  76.2000  70.2530  77.9750  58.1626
 520     24.60   1.4639   1.4080  62.4064  57.5153  70.8047  60.8219  63691.22  99.1402  99.1407  75.8949  69.9350  77.6489  57.8960
 530     23.85   1.4127   1.3571  62.0271  57.1303  70.4614  60.5354  64097.68  99.1391  99.1395  75.4128  69.5481  77.2515  57.5967
 540     23.03   1.3567   1.3014  61.6038  56.7108  70.0640  60.1957  64407.67  99.1376  99.1381  75.0488  69.2062  76.9279  57.3635
 550     22.24   1.3043   1.2493  61.2448  56.3365  69.6942  59.8950  64722.79  99.1360  99.1366  74.6822  68.8492  76.4892  57.0216
 560     21.44   1.2517   1.1970  60.8738  55.9382  69.2942  59.5553  65094.62  99.1348  99.1353  74.2546  68.3653  76.1164  56.7988
 570     20.72   1.2033   1.1489  60.4673  55.5143  68.7904  59.1136  65481.76  99.1334  99.1339  73.8146  67.8829  75.5784  56.3918
 580     20.00   1.1563   1.1022  60.0803  55.0930  68.3815  58.7774  65838.86  99.1325  99.1330  73.4136  67.3902  75.1262  56.0365
 590     19.38   1.1145   1.0608  59.6913  54.7009  68.0968  58.5415  66185.61  99.1313  99.1319  73.0281  66.9893  74.7652  55.7789
 600     18.69   1.0688   1.0155  59.2380  54.2308  67.6985  58.2071  66586.98  99.1304  99.1309  72.5872  66.4875  74.2856  55.4103
 610     18.04   1.0267   0.9737  58.8308  53.8202  67.3570  57.9179  66986.28  99.1292  99.1297  72.1537  66.0258  73.9363  55.1850
 620     17.37   0.9834   0.9307  58.4201  53.4068  66.9011  57.5224  67336.87  99.1278  99.1283  71.7770  65.6623  73.5623  54.8607
 630     16.78   0.9455   0.8932  58.0248  52.9962  66.5738  57.2465  67666.93  99.1265  99.1271  71.4260  65.2689  73.2319  54.5376
 640     16.20   0.9084   0.8564  57.6371  52.5961  66.1605  56.8953  68011.68  99.1255  99.1260  71.0632  64.8788  72.8662  54.2638
 650     15.60   0.8704   0.8187  57.2132  52.1536  65.7818  56.5768  68402.53  99.1244  99.1250  70.6564  64.3855  72.4341  53.9410
 660     15.06   0.8356   0.7843  56.7725  51.6852  65.0828  55.9515  68880.67  99.1236  99.1242  70.1654  63.8095  71.8861  53.5489
 670     14.52   0.8005   0.7496  56.2907  51.1930  64.6420  55.5879  69431.87  99.1228  99.1234  69.6078  63.3092  71.4184  53.2465
 680     13.92   0.7638   0.7133  55.8542  50.7468  64.1773  55.1976  69925.38  99.1216  99.1222  69.1157  62.7890  70.9012  52.8807
 690     13.40   0.7302   0.6801  55.3410  50.2554  63.7293  54.8136  70470.24  99.1206  99.1213  68.5806  62.3264  70.4563  52.5418
 700     12.95   0.7027   0.6529  54.9924  49.9060  63.1989  54.3364  70857.16  99.1200  99.1206  68.2057  61.9231  70.0259  52.1911
 710     12.39   0.6678   0.6185  54.4248  49.3179  62.6055  53.8299  71486.79  99.1190  99.1197  67.6043  61.3090  69.4509  51.7377
 720     11.85   0.6349   0.5861  53.9284  48.7990  62.1399  53.4308  71976.51  99.1179  99.1186  67.1436  60.7798  68.9994  51.4031
 730     11.33   0.6028   0.5545  53.3469  48.2225  61.6219  52.9944  72633.72  99.1168  99.1174  66.5353  60.0816  68.4288  50.9633
 740     10.88   0.5758   0.5278  52.8713  47.7365  61.1101  52.5678  73166.77  99.1160  99.1167  66.0501  59.5987  67.9556  50.6335
 750     10.41   0.5469   0.4994  52.3296  47.1910  60.6170  52.1589  73919.99  99.1150  99.1157  65.3764  59.0268  67.4108  50.2011
 760      9.87   0.5141   0.4672  51.6288  46.4903  59.9331  51.5815  74769.62  99.1140  99.1147  64.6329  58.2165  66.6313  49.5992
 770      9.42   0.4877   0.4413  51.0919  45.9395  59.4293  51.1566  75570.19  99.1134  99.1141  63.9478  57.6085  66.1016  49.1630
 780      8.95   0.4596   0.4138  50.3870  45.2201  58.7135  50.5561  76332.17  99.1126  99.1133  63.3089  56.9324  65.4460  48.6086
 790      8.50   0.4328   0.3875  49.7309  44.5514  58.0927  50.0523  77200.54  99.1119  99.1127  62.5964  56.1402  64.7206  48.1131
 800      8.06   0.4072   0.3626  49.0782  43.9225  57.4141  49.4767  78034.92  99.1112  99.1120  61.9267  55.4372  64.0592  47.6400
 810      7.71   0.3873   0.3432  48.5476  43.3886  56.9875  49.1405  78763.88  99.1104  99.1112  61.3531  54.8629  63.5324  47.2682
 820      7.30   0.3641   0.3205  47.8775  42.7216  56.3099  48.5746  79578.28  99.1098  99.1106  60.7248  54.1772  63.0136  46.8642
 830      6.83   0.3379   0.2950  47.1126  41.9676  55.5719  47.9555  80787.14  99.1090  99.1098  59.8157  53.2854  62.2778  46.3503
 840      6.48   0.3183   0.2760  46.4077  41.2696  55.0078  47.5050  81879.18  99.1084  99.1092  59.0175  52.4664  61.6641  45.8775
 850      6.04   0.2949   0.2532  45.6777  40.5423  54.3213  46.9382  82988.83  99.1079  99.1088  58.2281  51.5782  60.9066  45.3524
 860      5.74   0.2774   0.2365  44.9128  39.8318  53.5097  46.2402  84228.49  99.1073  99.1082  57.3708  50.8567  60.0423  44.6260
 870      5.32   0.2535   0.2136  43.7825  38.7497  52.3886  45.2822  86399.39  99.1066  99.1075  55.9289  49.7033  58.9852  43.7724
 880      4.93   0.2327   0.1936  42.8154  37.8237  51.5344  44.5594  88108.52  99.1060  99.1069  54.8437  48.6581  58.1388  43.1021
 890      4.55   0.2121   0.1740  41.7402  36.7745  50.3867  43.5784  90154.11  99.1054  99.1063  53.5990  47.4747  56.9363  42.1686
 900      4.12   0.1895   0.1526  40.4140  35.5026  48.8319  42.2408  92738.88  99.1046  99.1056  52.1047  45.9682  54.8550  40.4377
 910      3.72   0.1693   0.1336  39.1241  34.3034  47.5067  41.1029  95208.19  99.1041  99.1051  50.7531  44.7148  53.5965  39.4402
 920      3.27   0.1477   0.1132  37.7289  32.9623  46.1630  40.0021  98259.33  99.1034  99.1044  49.1767  43.1695  51.9092  38.2581
 930      2.90   0.1299   0.0967  36.3427  31.6434  44.7483  38.8083  102015.96  99.1023  99.1033  47.3653  41.6220  50.3054  37.0325
 940      2.47   0.1097   0.0781  34.5319  29.9049  42.5318  36.8738  106514.93  99.0983  99.0994  45.3629  39.6558  48.1097  35.3391
 950      2.09   0.0912   0.0618  32.1745  27.7283  40.2389  34.9234  56344.74  49.5501  49.5502  42.8778  37.2577  45.9545  33.7100
 960      1.75   0.0757   0.0482  30.0729  25.7335  37.9009  32.9579      1.53   0.0021   0.0013  40.3645  34.7941  42.9890  31.3217
 970      1.32   0.0565   0.0322  26.5378  22.5529  34.3593  29.9555      1.27   0.0017   0.0009  35.6583  31.0695  39.1399  28.4389
 980      0.94   0.0403   0.0195  22.6694  19.0369  30.0344  26.2586      0.95   0.0012   0.0006  31.0444  26.7298  34.4033  24.9576
 990      0.57   0.0232   0.0084  16.0977  13.1830  22.5555  19.7944      0.59   0.0007   0.0003  22.3119  19.2804  26.2945  19.1486
1000      0.00   0.0000   0.0000   0.0000   0.0000   0.0000   0.0000      0.00   0.0000   0.0000   0.0000   0.0000   0.0000   0.0000
