1                                                          The SAS System                             17:18 Wednesday, July 23, 2003

NOTE: Copyright (c) 1999-2000 by SAS Institute Inc., Cary, NC, USA. 
NOTE: SAS (r) Proprietary Software Release 8.1 (TS1M0)
      Licensed to FAIR ISAAC & CO INC, Site 0039085032.
NOTE: This session is executing on the SunOS 5.8 platform.




This message is contained in the SAS news file, and is presented upon
initialization.  Edit the files "news" in the "misc/base" directory to
display site-specific news and information in the program log.
The command line option "-nonews" will prevent this display.



NOTE: SAS initialization used:
      real time           0.07 seconds
      cpu time            0.07 seconds
      
1          libname macrolib '.';
NOTE: Libref MACROLIB was successfully assigned as follows: 
      Engine:        V8 
      Physical Name: /home/yxc/sas
2          libname library '/work/gold/projects/bin/CCDS/4.10/formats';
NOTE: Libref LIBRARY was successfully assigned as follows: 
      Engine:        V8 
      Physical Name: /work/gold/projects/bin/CCDS/4.10/formats
3          options mstored sasmstore=macrolib;
4          options errors=2 nodate ls=100 ps=1000;
5          
6          /*proc catalog catalog=macrolib.credit;
7            contents ;
8           run;
9          
10         proc catalog catalog=macrolib.debit;
11           contents ;
12          run;
13         
14         proc catalog catalog=macrolib.retail;
15           contents ;
16          run;
17         
18         proc catalog catalog=macrolib.formats;
19           contents ;
20          run;
21         
22         proc catalog catalog=macrolib.sasmacr;
23           contents ;
24          run;
25         
26         /* proc datasets library=library;
27           contents directory;
28          run;*/
29         
30          /*proc format
31             library = macrolib.credit fmtlib;
32          select  $type $status ;
33          run; */
34         
35          /*proc format
36             library = macrolib.formats fmtlib;
37          select  $amounts $bins $credit $days $timernge $weekdays $acvv $advice $apin
38                  $assoc $atype $blank $cashsic $country $decisn $empty $fmethod $ftype
39         	 $gender $incentv $issue $itype $method $missing  $ntype $posmode $ptype
40         	 $reverse $sicfmt $ssn5dig $ttype $use $yes_no;
41          run;*/
42         
43         
44          proc format library = macrolib.formats;
45             value $Fmethod   ' ' = 'Blank: Unknown'
46                               'C' = 'C: Customer Reported'
47                               'F' = 'F: FI System'
48         		      'P' = 'P: PVV Check'
49         		      'S' = 'S: Non-FI System'
50         		      'V' = 'V: CVV/CVC Check'
51                             other = [$CHAR1.];
NOTE: Format $FMETHOD is already on the library.
NOTE: Format $FMETHOD has been written to MACROLIB.FORMATS.
52          run;

NOTE: PROCEDURE FORMAT used:
      real time           0.03 seconds
      cpu time            0.01 seconds
      

53         
54          proc format library= macrolib.formats fmtlib;
55            select $fmethod ;
56            run;

NOTE: PROCEDURE FORMAT used:
      real time           0.04 seconds
      cpu time            0.02 seconds
      
NOTE: The PROCEDURE FORMAT printed page 1.

57         
58         /*proc catalog catalog=macrolib.formats;
59           delete fmethd.formatc ;
60          run;
61          */
62         proc catalog catalog=macrolib.formats;
63          contents;
64          run;

65         
66         

NOTE: The PROCEDURE CATALOG printed page 2.
NOTE: PROCEDURE CATALOG used:
      real time           0.05 seconds
      cpu time            0.03 seconds
      

67            proc format library= macrolib.formats fmtlib;
68            select  $fmethod ;
69            run;

NOTE: PROCEDURE FORMAT used:
      real time           0.02 seconds
      cpu time            0.00 seconds
      
NOTE: The PROCEDURE FORMAT printed page 3.

70         
71         
72         

NOTE: SAS Institute Inc., SAS Campus Drive, Cary, NC USA 27513-2414
NOTE: The SAS System used:
      real time           0.26 seconds
      cpu time            0.16 seconds
      
