                                           The SAS System                                          1

            ----------------------------------------------------------------------------
            |       FORMAT NAME: $FMETHOD LENGTH:   20   NUMBER OF VALUES:    7        |
            |   MIN LENGTH:   1  MAX LENGTH:  40  DEFAULT LENGTH  20  FUZZ:        0   |
            |--------------------------------------------------------------------------|
            |START           |END             |LABEL  (VER. 8.1     23JUL2003:17:18:50)|
            |----------------+----------------+----------------------------------------|
            |                |                |Blank: Unknown                          |
            |C               |C               |C: Customer Reported                    |
            |F               |F               |F: FI System                            |
            |P               |P               |P: PVV Check                            |
            |S               |S               |S: Non-FI System                        |
            |V               |V               |V: CVV/CVC Check                        |
            |**OTHER**       |**OTHER**       |[$CHAR1.]                               |
            ----------------------------------------------------------------------------
                                           The SAS System                                          2

                                Contents of Catalog MACROLIB.FORMATS
 
        #    Name        Type               Create Date          Modified Date    Description
       --------------------------------------------------------------------------------------
        1    AMOUNTS     FORMAT      28OCT2002:15:16:27     28OCT2002:15:16:27               
        2    BINS        FORMAT      28OCT2002:15:16:28     28OCT2002:15:16:28               
        3    CREDIT      FORMAT      28OCT2002:15:16:28     28OCT2002:15:16:28               
        4    DAYS        FORMAT      28OCT2002:15:16:28     28OCT2002:15:16:28               
        5    TIMERNGE    FORMAT      28OCT2002:15:16:27     28OCT2002:15:16:27               
        6    WEEKDAYS    FORMAT      28OCT2002:15:16:27     28OCT2002:15:16:27               
        7    ACVV        FORMATC     28OCT2002:15:16:27     28OCT2002:15:16:27               
        8    ADVICE      FORMATC     28OCT2002:15:16:28     28OCT2002:15:16:28               
        9    APIN        FORMATC     28OCT2002:15:16:27     28OCT2002:15:16:27               
       10    ASSOC       FORMATC     28OCT2002:15:16:28     28OCT2002:15:16:28               
       11    ATYPE       FORMATC     28OCT2002:15:16:27     28OCT2002:15:16:27               
       12    BLANK       FORMATC     28OCT2002:15:16:27     28OCT2002:15:16:27               
       13    CASHSIC     FORMATC     28OCT2002:15:16:27     28OCT2002:15:16:27               
       14    COUNTRY     FORMATC     28OCT2002:15:16:29     28OCT2002:15:16:29               
       15    DECISN      FORMATC     28OCT2002:15:16:27     28OCT2002:15:16:27               
       16    EMPTY       FORMATC     28OCT2002:15:16:29     28OCT2002:15:16:29               
       17    FMETHOD     FORMATC     23JUL2003:17:18:50     23JUL2003:17:18:50               
       18    FTYPE       FORMATC     28OCT2002:15:16:28     28OCT2002:15:16:28               
       19    GENDER      FORMATC     28OCT2002:15:16:28     28OCT2002:15:16:28               
       20    INCENTV     FORMATC     28OCT2002:15:16:28     28OCT2002:15:16:28               
       21    ISSUE       FORMATC     28OCT2002:15:16:28     28OCT2002:15:16:28               
       22    ITYPE       FORMATC     28OCT2002:15:16:28     28OCT2002:15:16:28               
       23    METHOD      FORMATC     28OCT2002:15:16:29     28OCT2002:15:16:29               
       24    MISSING     FORMATC     28OCT2002:15:16:27     28OCT2002:15:16:27               
       25    NTYPE       FORMATC     28OCT2002:15:16:28     28OCT2002:15:16:28               
       26    POSMODE     FORMATC     28OCT2002:15:16:28     28OCT2002:15:16:28               
       27    PTYPE       FORMATC     28OCT2002:15:16:28     28OCT2002:15:16:28               
       28    REVERSE     FORMATC     28OCT2002:15:16:28     28OCT2002:15:16:28               
       29    SICFMT      FORMATC     28OCT2002:15:16:29     28OCT2002:15:16:29               
       30    SSN5DIG     FORMATC     28OCT2002:15:16:28     28OCT2002:15:16:28               
       31    TTYPE       FORMATC     28OCT2002:15:16:29     28OCT2002:15:16:29               
       32    USE         FORMATC     28OCT2002:15:16:28     28OCT2002:15:16:28               
       33    YES_NO      FORMATC     28OCT2002:15:16:29     28OCT2002:15:16:29               
                                           The SAS System                                          3

            ----------------------------------------------------------------------------
            |       FORMAT NAME: $FMETHOD LENGTH:   20   NUMBER OF VALUES:    7        |
            |   MIN LENGTH:   1  MAX LENGTH:  40  DEFAULT LENGTH  20  FUZZ:        0   |
            |--------------------------------------------------------------------------|
            |START           |END             |LABEL  (VER. 8.1     23JUL2003:17:18:50)|
            |----------------+----------------+----------------------------------------|
            |                |                |Blank: Unknown                          |
            |C               |C               |C: Customer Reported                    |
            |F               |F               |F: FI System                            |
            |P               |P               |P: PVV Check                            |
            |S               |S               |S: Non-FI System                        |
            |V               |V               |V: CVV/CVC Check                        |
            |**OTHER**       |**OTHER**       |[$CHAR1.]                               |
            ----------------------------------------------------------------------------
