#fOrTyTwO
$hz=100;
$XS_VERSION='DProf 19990108';
# All values are given in HZ
$over_utime=3; $over_stime=3; $over_rtime=6;
$over_tests=10000;
$rrun_utime=1; $rrun_stime=1; $rrun_rtime=2;
$total_marks=14;                                                                                                                                                                                   

PART2
@ 1 0 1
& 2 main bar
+ 2
/ 2
& 3 main baz
+ 3
+ 2
/ 2
& 4 main foo
+ 4
+ 2
/ 2
/ 4
@ 0 1 1
- 3
+ 4
+ 2
/ 2
/ 4
