_XSERVTransmkdir: ERROR: Owner of /tmp/.X11-unix must be set to root
_XSERVTransSocketUNIXCreateListener: mkdir(/tmp/.X11-unix) failed, errno = 1
_XSERVTransMakeAllCOTSServerListeners: failed to create listener for local

Xvnc version 4.0 - built Jan 10 2007 07:52:10
Underlying X server release 60801000, The X.Org Foundation


Mon Mar  3 19:25:19 2008
 vncext:      VNC extension running!
 vncext:      Listening for VNC connections on port 5908
 vncext:      Listening for HTTP connections on port 5808
 vncext:      created VNC server for screen 0
error opening security policy file /usr/X11R6/lib/X11/xserver/SecurityPolicy
Could not init font path element /usr/X11R6/lib/X11/fonts/TTF/, removing from list!
Could not init font path element /usr/X11R6/lib/X11/fonts/CID/, removing from list!
xset:  bad font path element (#37), possible causes are:
    Directory does not exist or has wrong permissions
    Directory missing fonts.dir
    Incorrect font server address or syntax
startkde: Starting up...
/usr/X11R6/bin/iceauth:  creating new authority file /home/e28700/.ICEauthority
kbuildsycoca running...

Mon Mar  3 19:26:13 2008
 Connections: accepted: 10.81.64.85::2838
 SConnection: Client needs protocol version 3.8
 SConnection: Client requests security type VncAuth(2)

Mon Mar  3 19:26:18 2008
 VNCSConnST:  Server default pixel format depth 24 (32bpp) little-endian bgr888

Mon Mar  3 19:26:19 2008
 VNCSConnST:  Client pixel format depth 24 (32bpp) little-endian bgr888
Invalid entry (missing '=') at /tmp/kde-e28700/kconf_update14ftqc.tmp:1
Server has no DPMS extension
Xlib:  extension "XFree86-Misc" missing on display "lux1:8.0".
server does not have extension for "r rate" option
kbuildsycoca running...
Reusing existing ksycoca
X Error: BadValue (integer parameter out of range for operation) 2
  Major opcode:  102
  Minor opcode:  0
  Resource id:  0x0
X Error: BadValue (integer parameter out of range for operation) 2
  Major opcode:  102
  Minor opcode:  0
  Resource id:  0x0
X Error: BadWindow (invalid Window parameter) 3
  Major opcode:  20
  Minor opcode:  0
  Resource id:  0xe0000a
Klipper is already running!
/usr/lib/python2.3/site-packages/gtk-2.0/gtk/__init__.py:90: GtkDeprecationWarning: gtk.mainloop is deprecated, use gtk.main instead
  self.warn(message, DeprecationWarning)

Mon Mar  3 19:30:28 2008
 Connections: closed: 10.81.64.85::2838 (Clean disconnection)
 SMsgWriter:  framebuffer updates 3043
 SMsgWriter:    copyRect rects 10, bytes 160
 SMsgWriter:    hextile rects 3365, bytes 10993368
 SMsgWriter:    raw bytes equivalent 19547836, compression ratio 1.778148
X connection to lux1:8.0 broken (explicit kill or server shutdown).
knotify: Fatal IO error: client killed
kdeinit: Fatal IO error: client killed
ksmserver: Fatal IO error: client killed
kwin: Fatal IO error: client killed
kded: Fatal IO error: client killed
kdeinit: sending SIGHUP to children.
kicker: Fatal IO error: client killed
kicker: sighandler called
klauncher: Exiting on signal 1
The application 'pam-panel-icon' lost its connection to the display lux1:8.0;
most likely the X server was shut down or you killed/destroyed
the application.
The application 'rhn-applet' lost its connection to the display lux1:8.0;
most likely the X server was shut down or you killed/destroyed
the application.
khotkeys: Fatal IO error: client killed
*** kdesktop got signal 1 (Exiting)
warning: leaving MCOP Dispatcher and still 11kdeinit: sending SIGTERM to children.
DCOP Cleaning up dead connections.
 object references alive.kdeinit: Exit.
startkde: Shutting down...
Warning: connect() failed: : No such file or directory
Error: Can't contact kdeinit!
startkde: Running shutdown scripts...
startkde: Done.
